INFO:root:[ INITIALISATION : APP for Back office 2022-06-30_18_13 ]
INFO:root:Start make_case
INFO:root:Start make_case
INFO:root:Start build_formulaire
INFO:root:Start make_col
INFO:root:Start make_col
INFO:root:Start to build page Présentation du projet
INFO:root:Start make_part_of_page
INFO:root:Start to build page Présentation du projet
INFO:root:Start make_part_of_page
INFO:root:Start to build page Analyseur d'affiche
INFO:root:Start make_part_of_page
INFO:root:Start to build page Historique de recherches
INFO:root:Start make_part_of_page
INFO:root:deplay_image_result
INFO:root:list__img_df
INFO:root:[]
INFO:root:deplay_image_result
INFO:root:list__img_df
INFO:root:[]
INFO:root:deplay_image_result
INFO:root:list__img_df
INFO:root:[]
INFO:root:deplay_image_result
INFO:root:model_VGG16_transfert_learning_20 https://image.tmdb.org/t/p/w342/ojDg0PGvs6R9xYFodRct2kdI6wC.jpg
INFO:root:model_VGG16_transfert_learning_20
INFO:root:E:\matth\Documents\Cours\Wild code school\Data Scientist\projet\projet_9\wild_week_9_movie_TMDB_classifier/data/models/model_VGG16_transfert_learning_20
ERROR:root:('Keyword argument not understood:', 'keepdims')
INFO:root:model_1500_10 https://image.tmdb.org/t/p/w342/ojDg0PGvs6R9xYFodRct2kdI6wC.jpg
INFO:root:model_1500_10
INFO:root:E:\matth\Documents\Cours\Wild code school\Data Scientist\projet\projet_9\wild_week_9_movie_TMDB_classifier/data/models/model_1500_10
ERROR:root:Expecting value: line 1 column 1 (char 0)
INFO:root:list__img_df
INFO:root:[]
