INFO:root:[ INITIALISATION : APP for Back office 2022-06-30_22_30 ]
INFO:root:Start make_case
INFO:root:Start make_case
INFO:root:Start build_formulaire
INFO:root:Start make_col
INFO:root:Start make_col
INFO:root:Start to build page Présentation du projet
INFO:root:Start make_part_of_page
INFO:root:Start to build page Présentation du projet
INFO:root:Start make_part_of_page
INFO:root:Start to build page Analyseur d'affiche
INFO:root:Start make_part_of_page
INFO:root:Start to build page Historique de recherches
INFO:root:Start make_part_of_page
INFO:root:deplay_image_result
INFO:root:list__img_df
INFO:root:[]
INFO:root:deplay_image_result
INFO:root:model_VGG16_transfert_learning_20 https://image.tmdb.org/t/p/w342/ojDg0PGvs6R9xYFodRct2kdI6wC.jpg
INFO:root:model_VGG16_transfert_learning_20
INFO:root:E:\matth\Documents\Cours\Wild code school\Data Scientist\projet\projet_9\wild_week_9_movie_TMDB_classifier/data/models/model_VGG16_transfert_learning_20
INFO:root:loadok
INFO:root:parse_function_transfert
INFO:root:image_decoded SHAPE:(513, 342, 3)
INFO:root:image_resized SHAPE:(224, 224, 3)
INFO:root:img_prepross SHAPE:(1, 224, 224, 3)
INFO:root:parseok
INFO:root:predict ok
INFO:root:          Drama    Comedy     Crime    Action  Thriller  Documentary  Adventure  Science Fiction  Animation  ...   Romance   Mystery    Horror   Fantasy       War     Music   Western   History  TV Movie
proba  0.097052 -0.825393 -2.008911 -1.244391 -1.044653    -3.917061  -1.415133        -1.679238  -3.408466  ... -1.841363 -2.528817 -3.017984 -2.564652 -3.116777 -3.958119 -4.062036 -2.873263 -5.912291

[1 rows x 19 columns]
INFO:root:                    proba
Drama            0.097052
Comedy          -0.825393
Crime           -2.008911
Action          -1.244391
Thriller        -1.044653
Documentary     -3.917061
Adventure       -1.415133
Science Fiction -1.679238
Animation       -3.408466
Family          -2.525746
Romance         -1.841363
Mystery         -2.528817
Horror          -3.017984
Fantasy         -2.564652
War             -3.116777
Music           -3.958119
Western         -4.062036
History         -2.873263
TV Movie        -5.912291
INFO:root:df ok 
INFO:root:<class 'pandas.core.frame.DataFrame'>
INFO:root:Index(['proba'], dtype='object')
INFO:root:<class 'pandas.core.frame.DataFrame'>
INFO:root:model_1500_10 https://image.tmdb.org/t/p/w342/ojDg0PGvs6R9xYFodRct2kdI6wC.jpg
INFO:root:model_1500_10
INFO:root:E:\matth\Documents\Cours\Wild code school\Data Scientist\projet\projet_9\wild_week_9_movie_TMDB_classifier/data/models/model_1500_10
INFO:root:loadok
INFO:root:parse_function_transfert
INFO:root:image_decoded SHAPE:(513, 342, 3)
INFO:root:image_resized SHAPE:(400, 400, 3)
INFO:root:img_prepross SHAPE:(1, 400, 400, 3)
INFO:root:parseok
INFO:root:predict ok
INFO:root:          Drama    Comedy     Crime    Action  Thriller  Documentary  Adventure  Science Fiction  Animation  ...   Romance   Mystery    Horror   Fantasy      War     Music   Western   History  TV Movie
proba  0.631995  0.153498  0.156126  0.182124  0.238355     0.027093   0.119766         0.062875   0.013229  ...  0.109598  0.046722  0.057299  0.086118  0.02485  0.033118  0.023969  0.050228  0.015436

[1 rows x 19 columns]
INFO:root:                    proba
Drama            0.631995
Comedy           0.153498
Crime            0.156126
Action           0.182124
Thriller         0.238355
Documentary      0.027093
Adventure        0.119766
Science Fiction  0.062875
Animation        0.013229
Family           0.028516
Romance          0.109598
Mystery          0.046722
Horror           0.057299
Fantasy          0.086118
War              0.024850
Music            0.033118
Western          0.023969
History          0.050228
TV Movie         0.015436
INFO:root:df ok 
INFO:root:<class 'pandas.core.frame.DataFrame'>
INFO:root:Index(['proba'], dtype='object')
INFO:root:<class 'pandas.core.frame.DataFrame'>
INFO:root:list__img_df
INFO:root:[[Empty DataFrame
Columns: [proba]
Index: [], 'https://image.tmdb.org/t/p/w342/ojDg0PGvs6R9xYFodRct2kdI6wC.jpg', 'model_VGG16_transfert_learning_20'], [          proba
Drama  0.631995, 'https://image.tmdb.org/t/p/w342/ojDg0PGvs6R9xYFodRct2kdI6wC.jpg', 'model_1500_10']]
INFO:root:make_df_genre_to_html
INFO:root:table is good
INFO:root:layout_img is good
INFO:root:[H4('Not predict'), Div(children=[Div(children=[Img(id='import_img_detect', src='https://image.tmdb.org/t/p/w342/ojDg0PGvs6R9xYFodRct2kdI6wC.jpg', style={'height': '20%', 'width': '20%'})], style={'width': '50%'}), Div(children=[None], style={'width': '50%'})], style={'width': '100%', 'display': 'inline-block', 'textAlign': 'center'})]
INFO:root:make_df_genre_to_html
INFO:root:Start make_datatable_form
INFO:root:[{'name': 'proba', 'id': 'proba'}, {'name': 'genre', 'id': 'genre'}]
INFO:root:[{'proba': '0.63', 'genre': 'Drama'}]
INFO:root:table is good
INFO:root:layout_img is good
INFO:root:[H4('Not predict'), Div(children=[Div(children=[Img(id='import_img_detect', src='https://image.tmdb.org/t/p/w342/ojDg0PGvs6R9xYFodRct2kdI6wC.jpg', style={'height': '20%', 'width': '20%'})], style={'width': '50%'}), Div(children=[None], style={'width': '50%'})], style={'width': '100%', 'display': 'inline-block', 'textAlign': 'center'}), Div(children=[Div(children=[H4('model_1500_10')], style={'width': '100%'}), Div(children=DataTable(id='rien', columns=[{'name': 'proba', 'id': 'proba'}, {'name': 'genre', 'id': 'genre'}], data=[{'proba': '0.63', 'genre': 'Drama'}], editable=True, filter_action='native', page_size=30, row_deletable=True, row_selectable='multi', sort_action='native', style_data={'wigth': 'auto', 'height': 'auto'}), style={'width': '100%'})], style={'width': '50%'}), Div(children=[Div(children=[Img(id='import_img_detect', src='https://image.tmdb.org/t/p/w342/ojDg0PGvs6R9xYFodRct2kdI6wC.jpg', style={'height': '20%', 'width': '20%'})], style={'width': '50%'}), Div(children=[None], style={'width': '50%'})], style={'width': '100%', 'display': 'inline-block', 'textAlign': 'center'})]
INFO:root:deplay_image_result
INFO:root:list__img_df
INFO:root:[]
INFO:root:deplay_image_result
INFO:root:list__img_df
INFO:root:[]
