INFO:root:[ INITIALISATION : APP for Back office 2022-06-30_22_41 ]
INFO:root:Start make_case
INFO:root:Start make_case
INFO:root:Start build_formulaire
INFO:root:Start make_col
INFO:root:Start make_col
INFO:root:Start to build page Présentation du projet
INFO:root:Start make_part_of_page
INFO:root:Start to build page Présentation du projet
INFO:root:Start make_part_of_page
INFO:root:Start to build page Analyseur d'affiche
INFO:root:Start make_part_of_page
INFO:root:Start to build page Historique de recherches
INFO:root:Start make_part_of_page
INFO:root:deplay_image_result
INFO:root:list__img_df
INFO:root:[]
INFO:root:deplay_image_result
INFO:root:list__img_df
INFO:root:[]
